<?xml version="1.0" encoding="UTF-8"?>
<!-- Generated by org.testng.reporters.JUnitReportReporter -->
<testsuite hostname="LAPTOP-133AVTLN" failures="0" tests="1" name="northwellTest.NorthwellTesting" time="19.527" errors="0" timestamp="2022-05-14T01:55:55 EDT" skipped="0">
  <testcase classname="northwellTest.NorthwellTesting" name="northwellTesting" time="19.527"/>
  <system-out>
    <![CDATA[element is clicking :[[ChromeDriver: chrome on WINDOWS (b7c4a38caa411e342d922881e2a62764)] -> xpath: (//a[@class='main-nav__primary-nav-item'])[4]]
element is clicking :Proxy element for: DefaultElementLocator 'By.xpath: //a[@class='button button--inverse']'
Jabbar :value passed to the element : [[ChromeDriver: chrome on WINDOWS (b7c4a38caa411e342d922881e2a62764)] -> xpath: //input[@id='searchForm_Controls_0__Value']]
205455 :value passed to the element : [[ChromeDriver: chrome on WINDOWS (b7c4a38caa411e342d922881e2a62764)] -> xpath: //input[@id='searchForm_Controls_1__Value']]
12/30/1991 :value passed to the element : [[ChromeDriver: chrome on WINDOWS (b7c4a38caa411e342d922881e2a62764)] -> xpath: //input[@id='searchForm_Controls_2__Value']]
element is clicking :[[ChromeDriver: chrome on WINDOWS (b7c4a38caa411e342d922881e2a62764)] -> class name: account-search-next-button-text]]]>
  </system-out>
</testsuite> <!-- northwellTest.NorthwellTesting -->
